<?xml version="1.0" encoding="UTF-8"?>
<!-- Generated by org.testng.reporters.JUnitReportReporter -->
<testsuite hostname="DESKTOP-HHI39E0" failures="0" tests="3" name="tests.companies.CreateCompanies" time="64.207" errors="0" timestamp="2020-03-03T08:30:28 IST" skipped="0">
  <testcase classname="tests.companies.CreateCompanies" name="testMetho1" time="0.038"/>
  <testcase classname="tests.companies.CreateCompanies" name="testMethod2" time="0.053"/>
  <testcase classname="tests.companies.CreateCompanies" name="testMethod" time="64.116"/>
</testsuite> <!-- tests.companies.CreateCompanies -->
